{
  "RSpec": {
    "coverage": {
      "/Users/coreydavis/turing_projects/seshON/app/helpers/admin_helper.rb": [
        1,
        null
      ],
      "/Users/coreydavis/turing_projects/seshON/app/helpers/application_helper.rb": [
        1,
        null
      ],
      "/Users/coreydavis/turing_projects/seshON/app/helpers/sessions_helper.rb": [
        1,
        null
      ],
      "/Users/coreydavis/turing_projects/seshON/app/helpers/skate_spots_helper.rb": [
        1,
        null,
        1,
        5,
        12,
        12,
        null,
        12,
        12,
        null,
        null,
        null,
        1,
        4,
        4,
        4,
        null,
        null,
        null
      ],
      "/Users/coreydavis/turing_projects/seshON/app/helpers/states_helper.rb": [
        1,
        null,
        1,
        null,
        3,
        null,
        null,
        null,
        null,
        null,
        null,
        null,
        null,
        null,
        null,
        null,
        null,
        null,
        null,
        null,
        null,
        null,
        null,
        null,
        null,
        null,
        null,
        null,
        null,
        null,
        null,
        null,
        null,
        null,
        null,
        null,
        null,
        null,
        null,
        null,
        null,
        null,
        null,
        null,
        null,
        null,
        null,
        null,
        null,
        null,
        null,
        null,
        null,
        null,
        null,
        null,
        null,
        null
      ],
      "/Users/coreydavis/turing_projects/seshON/app/helpers/static_pages_helper.rb": [
        1,
        null
      ],
      "/Users/coreydavis/turing_projects/seshON/app/helpers/user_skate_spots_helper.rb": [
        1,
        null,
        1,
        4,
        3,
        3,
        null,
        3,
        3,
        null,
        null,
        null,
        1,
        3,
        3,
        3,
        null,
        null,
        null
      ],
      "/Users/coreydavis/turing_projects/seshON/app/helpers/users_helper.rb": [
        1,
        null
      ],
      "/Users/coreydavis/turing_projects/seshON/app/controllers/administrator/skate_spots_controller.rb": [
        1,
        1,
        null,
        1,
        4,
        null,
        null,
        1,
        1,
        1,
        null,
        null,
        1,
        1,
        null,
        null,
        1,
        1,
        1,
        null,
        null,
        1,
        1,
        null,
        null,
        1,
        1,
        0,
        null,
        null,
        1,
        1,
        1,
        1,
        null,
        null,
        1,
        null,
        1,
        2,
        null,
        null,
        null,
        null,
        null,
        null,
        null,
        null,
        null
      ],
      "/Users/coreydavis/turing_projects/seshON/app/controllers/admins_controller.rb": [
        1,
        1,
        null,
        1,
        null,
        1,
        31,
        null,
        null
      ],
      "/Users/coreydavis/turing_projects/seshON/app/controllers/application_controller.rb": [
        1,
        null,
        null,
        1,
        null,
        1,
        null,
        1,
        379,
        null,
        null,
        1,
        0,
        null,
        null,
        1,
        0,
        0,
        null,
        null,
        null,
        1,
        0,
        null,
        null,
        1,
        null,
        null,
        null
      ],
      "/Users/coreydavis/turing_projects/seshON/app/controllers/administrator/user_skate_spots_controller.rb": [
        1,
        null,
        1,
        8,
        8,
        null,
        null,
        1,
        1,
        null,
        null,
        1,
        2,
        2,
        2,
        null,
        null,
        1,
        1,
        1,
        null,
        null,
        1,
        1,
        1,
        null,
        null,
        1,
        null,
        1,
        0,
        null,
        null
      ],
      "/Users/coreydavis/turing_projects/seshON/app/controllers/skate_spots_controller.rb": [
        1,
        1,
        null,
        1,
        5,
        5,
        null,
        null,
        1,
        3,
        3,
        null,
        null
      ],
      "/Users/coreydavis/turing_projects/seshON/app/controllers/user_skate_spots_controller.rb": [
        1,
        1,
        null,
        1,
        4,
        4,
        null,
        null,
        1,
        3,
        3,
        null,
        null,
        1,
        2,
        null,
        null,
        1,
        2,
        2,
        2,
        null,
        null,
        1,
        null,
        1,
        2,
        null,
        null,
        null,
        null,
        null,
        null,
        null,
        null,
        null,
        null
      ],
      "/Users/coreydavis/turing_projects/seshON/app/models/user_skate_spot.rb": [
        1,
        1,
        null,
        1,
        null,
        13,
        9,
        null,
        1,
        1,
        1,
        null,
        null,
        1,
        1,
        1,
        null,
        null
      ],
      "/Users/coreydavis/turing_projects/seshON/app/uploaders/image_uploader.rb": [
        null,
        null,
        1,
        null,
        null,
        null,
        1,
        null,
        null,
        1,
        null,
        null,
        null,
        null,
        1,
        0,
        null,
        null,
        null,
        null,
        null,
        null,
        null,
        null,
        null,
        null,
        null,
        null,
        null,
        null,
        null,
        null,
        null,
        null,
        1,
        1,
        null,
        null,
        1,
        1,
        null,
        null,
        null,
        null,
        1,
        0,
        null,
        null,
        null,
        null,
        null,
        null,
        null,
        null,
        null
      ],
      "/Users/coreydavis/turing_projects/seshON/app/models/skate_spot.rb": [
        1,
        null
      ],
      "/Users/coreydavis/turing_projects/seshON/app/models/user.rb": [
        1,
        null,
        1,
        null,
        1,
        13,
        13,
        13,
        null,
        null,
        1,
        13,
        null,
        null,
        null,
        null,
        null,
        1,
        0,
        0,
        0,
        0,
        0,
        0,
        0,
        null,
        null,
        null,
        null,
        null,
        null,
        null,
        null,
        null
      ],
      "/Users/coreydavis/turing_projects/seshON/app/controllers/static_pages_controller.rb": [
        1,
        null,
        1,
        null,
        null,
        null
      ],
      "/Users/coreydavis/turing_projects/seshON/app/controllers/sessions_controller.rb": [
        1,
        1,
        13,
        13,
        13,
        13,
        null,
        null,
        1,
        1,
        1,
        1,
        null,
        null
      ],
      "/Users/coreydavis/turing_projects/seshON/app/controllers/administrator/admins_controller.rb": [
        1,
        1,
        null,
        null,
        null
      ]
    },
    "timestamp": 1413475250
  }
}
